<?xml version="1.0" encoding="UTF-8"?>
<testsuite name="com.example.emojournal.controller.oAuthControllerTest" tests="1" skipped="0" failures="0" errors="0" timestamp="2025-06-24T05:15:49.160Z" hostname="DESKTOP-V1AGBIM" time="0.055">
  <properties/>
  <testcase name="hello_엔드포인트_테스트()" classname="com.example.emojournal.controller.oAuthControllerTest" time="0.055"/>
  <system-out><![CDATA[14:15:38.966 [Test worker] INFO org.springframework.test.context.support.AnnotationConfigContextLoaderUtils -- Could not detect default configuration classes for test class [com.example.emojournal.controller.oAuthControllerTest]: oAuthControllerTest does not declare any static, non-private, non-final, nested classes annotated with @Configuration.
14:15:39.480 [Test worker] INFO org.springframework.boot.test.context.SpringBootTestContextBootstrapper -- Found @SpringBootConfiguration com.example.emojournal.EmoJournalApplication for test class com.example.emojournal.controller.oAuthControllerTest

  .   ____          _            __ _ _
 /\\ / ___'_ __ _ _(_)_ __  __ _ \ \ \ \
( ( )\___ | '_ | '_| | '_ \/ _` | \ \ \ \
 \\/  ___)| |_)| | | | | || (_| |  ) ) ) )
  '  |____| .__|_| |_|_| |_\__, | / / / /
 =========|_|==============|___/=/_/_/_/

 :: Spring Boot ::               (v3.3.13)

2025-06-24T14:15:40.393+09:00  INFO 17292 --- [    Test worker] c.e.e.controller.oAuthControllerTest     : Starting oAuthControllerTest using Java 17.0.11 with PID 17292 (started by user in C:\team_project_backup)
2025-06-24T14:15:40.402+09:00  INFO 17292 --- [    Test worker] c.e.e.controller.oAuthControllerTest     : No active profile set, falling back to 1 default profile: "default"
2025-06-24T14:15:48.961+09:00  INFO 17292 --- [    Test worker] o.s.b.t.m.w.SpringBootMockServletContext : Initializing Spring TestDispatcherServlet ''
2025-06-24T14:15:48.962+09:00  INFO 17292 --- [    Test worker] o.s.t.web.servlet.TestDispatcherServlet  : Initializing Servlet ''
2025-06-24T14:15:48.968+09:00  INFO 17292 --- [    Test worker] o.s.t.web.servlet.TestDispatcherServlet  : Completed initialization in 3 ms
2025-06-24T14:15:49.120+09:00  INFO 17292 --- [    Test worker] c.e.e.controller.oAuthControllerTest     : Started oAuthControllerTest in 9.463 seconds (process running for 12.658)
]]></system-out>
  <system-err><![CDATA[]]></system-err>
</testsuite>
